[debug] [2025-04-15T18:52:49.577Z] ----------------------------------------------------------------------
[debug] [2025-04-15T18:52:49.580Z] Command:       C:\Program Files\nodejs\node.exe C:\Users\dd_da\AppData\Roaming\npm\node_modules\firebase-tools\lib\bin\firebase.js init
[debug] [2025-04-15T18:52:49.581Z] CLI Version:   13.6.1
[debug] [2025-04-15T18:52:49.581Z] Platform:      win32
[debug] [2025-04-15T18:52:49.581Z] Node Version:  v23.5.0
[debug] [2025-04-15T18:52:49.581Z] Time:          Tue Apr 15 2025 14:52:49 GMT-0400 (Horário Padrão do Amazonas)
[debug] [2025-04-15T18:52:49.581Z] ----------------------------------------------------------------------
[debug] 
[debug] [2025-04-15T18:52:49.590Z] > command requires scopes: ["email","openid","https://www.googleapis.com/auth/cloudplatformprojects.readonly","https://www.googleapis.com/auth/firebase","https://www.googleapis.com/auth/cloud-platform"]
[debug] [2025-04-15T18:52:49.590Z] > authorizing via signed-in user (souzadario25@gmail.com)
[info] 
     ######## #### ########  ######## ########     ###     ######  ########
     ##        ##  ##     ## ##       ##     ##  ##   ##  ##       ##
     ######    ##  ########  ######   ########  #########  ######  ######
     ##        ##  ##    ##  ##       ##     ## ##     ##       ## ##
     ##       #### ##     ## ######## ########  ##     ##  ######  ########

You're about to initialize a Firebase project in this directory:

  C:\Users\dd_da\Documents\Code\Curso Java\Webservices

[info] 
=== Project Setup
[info] 
[info] First, let's associate this project directory with a Firebase project.
[info] You can create multiple project aliases by running firebase use --add, 
[info] but for now we'll just set up a default project.
[info] 
[debug] [2025-04-15T18:53:09.848Z] >>> [apiv2][query] GET https://firebase.googleapis.com/v1beta1/projects pageSize=100
[debug] [2025-04-15T18:53:11.811Z] <<< [apiv2][status] GET https://firebase.googleapis.com/v1beta1/projects 200
[debug] [2025-04-15T18:53:11.812Z] <<< [apiv2][body] GET https://firebase.googleapis.com/v1beta1/projects [omitted]
